<?xml version="1.0" encoding="UTF-8"?>
<!-- Generated by org.testng.reporters.JUnitReportReporter -->
<testsuite skipped="0" hostname="DESKTOP-I27NA7P" name="com.qa.testcases.TC007_privacy" tests="1" failures="0" timestamp="23 Nov 2020 11:52:33 GMT" time="11.180" errors="0">
  <testcase name="privacy" time="11.180" classname="com.qa.testcases.TC007_privacy"/>
</testsuite> <!-- com.qa.testcases.TC007_privacy -->
